<?xml version="1.0" encoding="UTF-8"?>
<testng-results skipped="0" failed="2" ignored="0" total="7" passed="5">
  <reporter-output>
  </reporter-output>
  <suite name="All Test Suite" duration-ms="10985" started-at="2018-06-10T14:14:46Z" finished-at="2018-06-10T14:14:57Z">
    <groups>
    </groups>
    <test name="C:/RestApiUdemyTutorial/RESTAssuredTest" duration-ms="10985" started-at="2018-06-10T14:14:46Z" finished-at="2018-06-10T14:14:57Z">
      <class name="TestFramework.endtoendtestcaseGoogle">
        <test-method status="PASS" signature="addandDeletePlace()[pri:0, instance:TestFramework.endtoendtestcaseGoogle@436813f3]" name="addandDeletePlace" duration-ms="1091" started-at="2018-06-10T14:14:55Z" finished-at="2018-06-10T14:14:56Z">
          <reporter-output>
          </reporter-output>
        </test-method> <!-- addandDeletePlace -->
      </class> <!-- TestFramework.endtoendtestcaseGoogle -->
      <class name="TestFramework.getPlaceGoogle">
        <test-method status="PASS" signature="Test()[pri:0, instance:TestFramework.getPlaceGoogle@74fe5c40]" name="Test" duration-ms="920" started-at="2018-06-10T14:14:56Z" finished-at="2018-06-10T14:14:57Z">
          <reporter-output>
          </reporter-output>
        </test-method> <!-- Test -->
      </class> <!-- TestFramework.getPlaceGoogle -->
      <class name="TestFramework.basicJSONextractGoogle">
        <test-method status="PASS" signature="Test()[pri:0, instance:TestFramework.basicJSONextractGoogle@223d2c72]" name="Test" duration-ms="2491" started-at="2018-06-10T14:14:51Z" finished-at="2018-06-10T14:14:54Z">
          <reporter-output>
          </reporter-output>
        </test-method> <!-- Test -->
      </class> <!-- TestFramework.basicJSONextractGoogle -->
      <class name="TestFramework.basicJIRA">
        <test-method status="FAIL" signature="deleteBug()[pri:0, instance:TestFramework.basicJIRA@36902638]" name="deleteBug" duration-ms="68" started-at="2018-06-10T14:14:51Z" finished-at="2018-06-10T14:14:51Z">
          <exception class="io.restassured.path.json.exception.JsonPathException">
            <message>
              <![CDATA[Failed to parse the JSON document]]>
            </message>
            <full-stacktrace>
              <![CDATA[io.restassured.path.json.exception.JsonPathException: Failed to parse the JSON document
at io.restassured.path.json.JsonPath$ExceptionCatcher.invoke(JsonPath.java:930)
at io.restassured.path.json.JsonPath$4.doParseWith(JsonPath.java:895)
at io.restassured.path.json.JsonPath$JsonParser.parseWith(JsonPath.java:975)
at io.restassured.path.json.JsonPath.get(JsonPath.java:201)
at jiraAPI.Helper.createJiraSession(Helper.java:44)
at TestFramework.basicJIRA.deleteBug(basicJIRA.java:33)
at sun.reflect.NativeMethodAccessorImpl.invoke0(Native Method)
at sun.reflect.NativeMethodAccessorImpl.invoke(NativeMethodAccessorImpl.java:62)
at sun.reflect.DelegatingMethodAccessorImpl.invoke(DelegatingMethodAccessorImpl.java:43)
at java.lang.reflect.Method.invoke(Method.java:498)
at org.testng.internal.MethodInvocationHelper.invokeMethod(MethodInvocationHelper.java:124)
at org.testng.internal.Invoker.invokeMethod(Invoker.java:580)
at org.testng.internal.Invoker.invokeTestMethod(Invoker.java:716)
at org.testng.internal.Invoker.invokeTestMethods(Invoker.java:988)
at org.testng.internal.TestMethodWorker.invokeTestMethods(TestMethodWorker.java:125)
at org.testng.internal.TestMethodWorker.run(TestMethodWorker.java:109)
at org.testng.TestRunner.privateRun(TestRunner.java:648)
at org.testng.TestRunner.run(TestRunner.java:505)
at org.testng.SuiteRunner.runTest(SuiteRunner.java:455)
at org.testng.SuiteRunner.runSequentially(SuiteRunner.java:450)
at org.testng.SuiteRunner.privateRun(SuiteRunner.java:415)
at org.testng.SuiteRunner.run(SuiteRunner.java:364)
at org.testng.SuiteRunnerWorker.runSuite(SuiteRunnerWorker.java:52)
at org.testng.SuiteRunnerWorker.run(SuiteRunnerWorker.java:84)
at org.testng.TestNG.runSuitesSequentially(TestNG.java:1208)
at org.testng.TestNG.runSuitesLocally(TestNG.java:1137)
at org.testng.TestNG.runSuites(TestNG.java:1049)
at org.testng.TestNG.run(TestNG.java:1017)
at org.apache.maven.surefire.testng.TestNGExecutor.run(TestNGExecutor.java:283)
at org.apache.maven.surefire.testng.TestNGXmlTestSuite.execute(TestNGXmlTestSuite.java:75)
at org.apache.maven.surefire.testng.TestNGProvider.invoke(TestNGProvider.java:120)
at org.apache.maven.surefire.booter.ForkedBooter.invokeProviderInSameClassLoader(ForkedBooter.java:379)
at org.apache.maven.surefire.booter.ForkedBooter.runSuitesInProcess(ForkedBooter.java:340)
at org.apache.maven.surefire.booter.ForkedBooter.execute(ForkedBooter.java:125)
at org.apache.maven.surefire.booter.ForkedBooter.main(ForkedBooter.java:413)
Caused by: groovy.json.JsonException: Lexing failed on line: 1, column: 1, while reading '<', no possible valid JSON value or punctuation could be recognized.
at groovy.json.JsonLexer.nextToken(JsonLexer.java:83)
at groovy.json.JsonLexer$nextToken.call(Unknown Source)
at io.restassured.internal.path.json.ConfigurableJsonSlurper.parse(ConfigurableJsonSlurper.groovy:97)
at io.restassured.internal.path.json.ConfigurableJsonSlurper$parse$0.callCurrent(Unknown Source)
at io.restassured.internal.path.json.ConfigurableJsonSlurper.parseText(ConfigurableJsonSlurper.groovy:83)
at io.restassured.path.json.JsonPath$4$1.method(JsonPath.java:893)
at io.restassured.path.json.JsonPath$ExceptionCatcher.invoke(JsonPath.java:928)
... 34 more
]]>
            </full-stacktrace>
          </exception> <!-- io.restassured.path.json.exception.JsonPathException -->
          <reporter-output>
          </reporter-output>
        </test-method> <!-- deleteBug -->
        <test-method status="FAIL" signature="updateComment()[pri:0, instance:TestFramework.basicJIRA@36902638]" name="updateComment" duration-ms="77" started-at="2018-06-10T14:14:51Z" finished-at="2018-06-10T14:14:51Z">
          <exception class="io.restassured.path.json.exception.JsonPathException">
            <message>
              <![CDATA[Failed to parse the JSON document]]>
            </message>
            <full-stacktrace>
              <![CDATA[io.restassured.path.json.exception.JsonPathException: Failed to parse the JSON document
at io.restassured.path.json.JsonPath$ExceptionCatcher.invoke(JsonPath.java:930)
at io.restassured.path.json.JsonPath$4.doParseWith(JsonPath.java:895)
at io.restassured.path.json.JsonPath$JsonParser.parseWith(JsonPath.java:975)
at io.restassured.path.json.JsonPath.get(JsonPath.java:201)
at jiraAPI.Helper.createJiraSession(Helper.java:44)
at jiraAPI.Helper.addComment(Helper.java:70)
at TestFramework.basicJIRA.updateComment(basicJIRA.java:44)
at sun.reflect.NativeMethodAccessorImpl.invoke0(Native Method)
at sun.reflect.NativeMethodAccessorImpl.invoke(NativeMethodAccessorImpl.java:62)
at sun.reflect.DelegatingMethodAccessorImpl.invoke(DelegatingMethodAccessorImpl.java:43)
at java.lang.reflect.Method.invoke(Method.java:498)
at org.testng.internal.MethodInvocationHelper.invokeMethod(MethodInvocationHelper.java:124)
at org.testng.internal.Invoker.invokeMethod(Invoker.java:580)
at org.testng.internal.Invoker.invokeTestMethod(Invoker.java:716)
at org.testng.internal.Invoker.invokeTestMethods(Invoker.java:988)
at org.testng.internal.TestMethodWorker.invokeTestMethods(TestMethodWorker.java:125)
at org.testng.internal.TestMethodWorker.run(TestMethodWorker.java:109)
at org.testng.TestRunner.privateRun(TestRunner.java:648)
at org.testng.TestRunner.run(TestRunner.java:505)
at org.testng.SuiteRunner.runTest(SuiteRunner.java:455)
at org.testng.SuiteRunner.runSequentially(SuiteRunner.java:450)
at org.testng.SuiteRunner.privateRun(SuiteRunner.java:415)
at org.testng.SuiteRunner.run(SuiteRunner.java:364)
at org.testng.SuiteRunnerWorker.runSuite(SuiteRunnerWorker.java:52)
at org.testng.SuiteRunnerWorker.run(SuiteRunnerWorker.java:84)
at org.testng.TestNG.runSuitesSequentially(TestNG.java:1208)
at org.testng.TestNG.runSuitesLocally(TestNG.java:1137)
at org.testng.TestNG.runSuites(TestNG.java:1049)
at org.testng.TestNG.run(TestNG.java:1017)
at org.apache.maven.surefire.testng.TestNGExecutor.run(TestNGExecutor.java:283)
at org.apache.maven.surefire.testng.TestNGXmlTestSuite.execute(TestNGXmlTestSuite.java:75)
at org.apache.maven.surefire.testng.TestNGProvider.invoke(TestNGProvider.java:120)
at org.apache.maven.surefire.booter.ForkedBooter.invokeProviderInSameClassLoader(ForkedBooter.java:379)
at org.apache.maven.surefire.booter.ForkedBooter.runSuitesInProcess(ForkedBooter.java:340)
at org.apache.maven.surefire.booter.ForkedBooter.execute(ForkedBooter.java:125)
at org.apache.maven.surefire.booter.ForkedBooter.main(ForkedBooter.java:413)
Caused by: groovy.json.JsonException: Lexing failed on line: 1, column: 1, while reading '<', no possible valid JSON value or punctuation could be recognized.
at groovy.json.JsonLexer.nextToken(JsonLexer.java:83)
at groovy.json.JsonLexer$nextToken.call(Unknown Source)
at io.restassured.internal.path.json.ConfigurableJsonSlurper.parse(ConfigurableJsonSlurper.groovy:97)
at io.restassured.internal.path.json.ConfigurableJsonSlurper$parse$0.callCurrent(Unknown Source)
at io.restassured.internal.path.json.ConfigurableJsonSlurper.parseText(ConfigurableJsonSlurper.groovy:83)
at io.restassured.path.json.JsonPath$4$1.method(JsonPath.java:893)
at io.restassured.path.json.JsonPath$ExceptionCatcher.invoke(JsonPath.java:928)
... 35 more
]]>
            </full-stacktrace>
          </exception> <!-- io.restassured.path.json.exception.JsonPathException -->
          <reporter-output>
          </reporter-output>
        </test-method> <!-- updateComment -->
      </class> <!-- TestFramework.basicJIRA -->
      <class name="TestFramework.basicPostXmlGoogle">
        <test-method status="PASS" signature="Test2()[pri:0, instance:TestFramework.basicPostXmlGoogle@8f4ea7c]" name="Test2" duration-ms="771" started-at="2018-06-10T14:14:54Z" finished-at="2018-06-10T14:14:55Z">
          <reporter-output>
          </reporter-output>
        </test-method> <!-- Test2 -->
      </class> <!-- TestFramework.basicPostXmlGoogle -->
      <class name="TestFramework.addPlacePost">
        <test-method status="PASS" signature="setup()[pri:0, instance:TestFramework.addPlacePost@1d2adfbe]" name="setup" is-config="true" duration-ms="28" started-at="2018-06-10T14:14:46Z" finished-at="2018-06-10T14:14:46Z">
          <reporter-output>
          </reporter-output>
        </test-method> <!-- setup -->
        <test-method status="PASS" signature="setup()[pri:0, instance:TestFramework.basicJIRA@36902638]" name="setup" is-config="true" duration-ms="5" started-at="2018-06-10T14:14:46Z" finished-at="2018-06-10T14:14:46Z">
          <reporter-output>
          </reporter-output>
        </test-method> <!-- setup -->
        <test-method status="PASS" signature="setup()[pri:0, instance:TestFramework.basicJSONextractGoogle@223d2c72]" name="setup" is-config="true" duration-ms="5" started-at="2018-06-10T14:14:46Z" finished-at="2018-06-10T14:14:46Z">
          <reporter-output>
          </reporter-output>
        </test-method> <!-- setup -->
        <test-method status="PASS" signature="setup()[pri:0, instance:TestFramework.basicPostXmlGoogle@8f4ea7c]" name="setup" is-config="true" duration-ms="2" started-at="2018-06-10T14:14:46Z" finished-at="2018-06-10T14:14:46Z">
          <reporter-output>
          </reporter-output>
        </test-method> <!-- setup -->
        <test-method status="PASS" signature="setup()[pri:0, instance:TestFramework.endtoendtestcaseGoogle@436813f3]" name="setup" is-config="true" duration-ms="8" started-at="2018-06-10T14:14:46Z" finished-at="2018-06-10T14:14:46Z">
          <reporter-output>
          </reporter-output>
        </test-method> <!-- setup -->
        <test-method status="PASS" signature="setup()[pri:0, instance:TestFramework.getPlaceGoogle@74fe5c40]" name="setup" is-config="true" duration-ms="1" started-at="2018-06-10T14:14:46Z" finished-at="2018-06-10T14:14:46Z">
          <reporter-output>
          </reporter-output>
        </test-method> <!-- setup -->
        <test-method status="PASS" signature="Test2()[pri:0, instance:TestFramework.addPlacePost@1d2adfbe]" name="Test2" duration-ms="5462" started-at="2018-06-10T14:14:46Z" finished-at="2018-06-10T14:14:51Z">
          <reporter-output>
          </reporter-output>
        </test-method> <!-- Test2 -->
      </class> <!-- TestFramework.addPlacePost -->
    </test> <!-- C:/RestApiUdemyTutorial/RESTAssuredTest -->
  </suite> <!-- All Test Suite -->
</testng-results>
